
*** Running vivado
    with args -log MEMDesign_CADA_MEMControl_0_1.vds -m64 -product Vivado -mode batch -messageDb vivado.pb -notrace -source MEMDesign_CADA_MEMControl_0_1.tcl


ECHO is off.
ECHO is off.

****** Vivado v2023.2 (64-bit)
  **** SW Build 4029153 on Fri Oct 13 20:14:34 MDT 2023
  **** IP Build 4028589 on Sat Oct 14 00:45:43 MDT 2023
  **** SharedData Build 4025554 on Tue Oct 10 17:18:54 MDT 2023
    ** Copyright 1986-2022 Xilinx, Inc. All Rights Reserved.
    ** Copyright 2022-2023 Advanced Micro Devices, Inc. All Rights Reserved.

source MEMDesign_CADA_MEMControl_0_1.tcl -notrace
create_project: Time (s): cpu = 00:00:06 ; elapsed = 00:00:07 . Memory (MB): peak = 485.922 ; gain = 181.059
INFO: [IP_Flow 19-234] Refreshing IP repositories
INFO: [IP_Flow 19-1704] No user IP repositories specified
INFO: [IP_Flow 19-2313] Loaded Vivado IP repository 'C:/Xilinx/Vivado/2023.2/data/ip'.
WARNING: [IP_Flow 19-4995] The host OS only allows 260 characters in a normal path. The IP cache path is more than 80 characters. If you experience issues with IP caching, please consider changing the IP cache to a location with a shorter path. Alternately consider using the OS subst command to map part of the path to a drive letter. 
Current IP cache path is c:/Users/Keith/Documents/UCLA/216B/216BProject-keith_project_6_1/ECE216BNew.cache/ip 
INFO: [IP_Flow 19-6924] IPCACHE: Running cache check for IP inst: MEMDesign_CADA_MEMControl_0_1
Command: synth_design -top MEMDesign_CADA_MEMControl_0_1 -part xc7z020clg400-2 -incremental_mode off -mode out_of_context
Starting synth_design
Attempting to get a license for feature 'Synthesis' and/or device 'xc7z020'
INFO: [Common 17-349] Got license for feature 'Synthesis' and/or device 'xc7z020'
INFO: [Device 21-403] Loading part xc7z020clg400-2
INFO: [Synth 8-7079] Multithreading enabled for synth_design using a maximum of 2 processes.
INFO: [Synth 8-7078] Launching helper process for spawning children vivado processes
INFO: [Synth 8-7075] Helper process launched with PID 9668
---------------------------------------------------------------------------------
Starting RTL Elaboration : Time (s): cpu = 00:00:06 ; elapsed = 00:00:06 . Memory (MB): peak = 1357.105 ; gain = 439.570
---------------------------------------------------------------------------------
INFO: [Synth 8-11241] undeclared symbol 'sgContro', assumed default net type 'wire' [C:/Users/Keith/Documents/UCLA/216B/216BProject-keith_project_6_1/ECE216BNew.srcs/sources_1/new/EntityLib.v:1491]
INFO: [Synth 8-6157] synthesizing module 'MEMDesign_CADA_MEMControl_0_1' [c:/Users/Keith/Documents/UCLA/216B/216BProject-keith_project_6_1/ECE216BNew.gen/sources_1/bd/MEMDesign/ip/MEMDesign_CADA_MEMControl_0_1/synth/MEMDesign_CADA_MEMControl_0_1.v:53]
INFO: [Synth 8-6157] synthesizing module 'CADA_MEMControl' [C:/Users/Keith/Documents/UCLA/216B/216BProject-keith_project_6_1/ECE216BNew.srcs/sources_1/new/EntityLib.v:1572]
	Parameter Data_bitWidth bound to: 144 - type: integer 
	Parameter addr_BW bound to: 4 - type: integer 
	Parameter stride_BW bound to: 3 - type: integer 
	Parameter latency_BW bound to: 16 - type: integer 
INFO: [Synth 8-6155] done synthesizing module 'CADA_MEMControl' (0#1) [C:/Users/Keith/Documents/UCLA/216B/216BProject-keith_project_6_1/ECE216BNew.srcs/sources_1/new/EntityLib.v:1572]
INFO: [Synth 8-6155] done synthesizing module 'MEMDesign_CADA_MEMControl_0_1' (0#1) [c:/Users/Keith/Documents/UCLA/216B/216BProject-keith_project_6_1/ECE216BNew.gen/sources_1/bd/MEMDesign/ip/MEMDesign_CADA_MEMControl_0_1/synth/MEMDesign_CADA_MEMControl_0_1.v:53]
WARNING: [Synth 8-6014] Unused sequential element startLatency_r_reg was removed.  [C:/Users/Keith/Documents/UCLA/216B/216BProject-keith_project_6_1/ECE216BNew.srcs/sources_1/new/EntityLib.v:1618]
WARNING: [Synth 8-6014] Unused sequential element endLatency_r_reg was removed.  [C:/Users/Keith/Documents/UCLA/216B/216BProject-keith_project_6_1/ECE216BNew.srcs/sources_1/new/EntityLib.v:1619]
---------------------------------------------------------------------------------
Finished RTL Elaboration : Time (s): cpu = 00:00:07 ; elapsed = 00:00:08 . Memory (MB): peak = 1468.512 ; gain = 550.977
---------------------------------------------------------------------------------
---------------------------------------------------------------------------------
Start Handling Custom Attributes
---------------------------------------------------------------------------------
---------------------------------------------------------------------------------
Finished Handling Custom Attributes : Time (s): cpu = 00:00:07 ; elapsed = 00:00:08 . Memory (MB): peak = 1468.512 ; gain = 550.977
---------------------------------------------------------------------------------
---------------------------------------------------------------------------------
Finished RTL Optimization Phase 1 : Time (s): cpu = 00:00:07 ; elapsed = 00:00:08 . Memory (MB): peak = 1468.512 ; gain = 550.977
---------------------------------------------------------------------------------
Netlist sorting complete. Time (s): cpu = 00:00:00 ; elapsed = 00:00:00.008 . Memory (MB): peak = 1468.512 ; gain = 0.000
INFO: [Project 1-570] Preparing netlist for logic optimization

Processing XDC Constraints
Initializing timing engine
Completed Processing XDC Constraints

Netlist sorting complete. Time (s): cpu = 00:00:00 ; elapsed = 00:00:00 . Memory (MB): peak = 1519.660 ; gain = 0.000
INFO: [Project 1-111] Unisim Transformation Summary:
No Unisim elements were transformed.

The system cannot find the path specified.
Constraint Validation Runtime : Time (s): cpu = 00:00:00 ; elapsed = 00:00:00.032 . Memory (MB): peak = 1520.035 ; gain = 0.375
INFO: [Designutils 20-5008] Incremental synthesis strategy off
---------------------------------------------------------------------------------
Finished Constraint Validation : Time (s): cpu = 00:00:16 ; elapsed = 00:00:17 . Memory (MB): peak = 1520.035 ; gain = 602.500
---------------------------------------------------------------------------------
---------------------------------------------------------------------------------
Start Loading Part and Timing Information
---------------------------------------------------------------------------------
Loading part: xc7z020clg400-2
---------------------------------------------------------------------------------
Finished Loading Part and Timing Information : Time (s): cpu = 00:00:16 ; elapsed = 00:00:17 . Memory (MB): peak = 1520.035 ; gain = 602.500
---------------------------------------------------------------------------------
---------------------------------------------------------------------------------
Start Applying 'set_property' XDC Constraints
---------------------------------------------------------------------------------
---------------------------------------------------------------------------------
Finished applying 'set_property' XDC Constraints : Time (s): cpu = 00:00:16 ; elapsed = 00:00:17 . Memory (MB): peak = 1520.035 ; gain = 602.500
---------------------------------------------------------------------------------
INFO: [Synth 8-802] inferred FSM for state register 'stateReg_reg' in module 'CADA_MEMControl'
---------------------------------------------------------------------------------------------------
                   State |                     New Encoding |                Previous Encoding 
---------------------------------------------------------------------------------------------------
                  idle_s |                               00 |                               00
                 start_s |                               01 |                               01
                 valid_s |                               10 |                               10
                   end_s |                               11 |                               11
---------------------------------------------------------------------------------------------------
INFO: [Synth 8-3354] encoded FSM with state register 'stateReg_reg' using encoding 'sequential' in module 'CADA_MEMControl'
---------------------------------------------------------------------------------
Finished RTL Optimization Phase 2 : Time (s): cpu = 00:00:16 ; elapsed = 00:00:17 . Memory (MB): peak = 1520.035 ; gain = 602.500
---------------------------------------------------------------------------------
---------------------------------------------------------------------------------
Start RTL Component Statistics 
---------------------------------------------------------------------------------
Detailed RTL Component Info : 
+---Adders : 
	   2 Input   16 Bit       Adders := 1     
	   2 Input    4 Bit       Adders := 1     
+---Registers : 
	              144 Bit    Registers := 2     
	               16 Bit    Registers := 1     
	                4 Bit    Registers := 1     
	                3 Bit    Registers := 1     
	                1 Bit    Registers := 2     
+---Muxes : 
	   4 Input   16 Bit        Muxes := 1     
	   4 Input    4 Bit        Muxes := 1     
	   4 Input    2 Bit        Muxes := 1     
	   2 Input    2 Bit        Muxes := 3     
	   4 Input    1 Bit        Muxes := 7     
---------------------------------------------------------------------------------
Finished RTL Component Statistics 
---------------------------------------------------------------------------------
---------------------------------------------------------------------------------
Start Part Resource Summary
---------------------------------------------------------------------------------
Part Resources:
DSPs: 220 (col length:60)
BRAMs: 280 (col length: RAMB18 60 RAMB36 30)
---------------------------------------------------------------------------------
Finished Part Resource Summary
---------------------------------------------------------------------------------
---------------------------------------------------------------------------------
Start Cross Boundary and Area Optimization
---------------------------------------------------------------------------------
WARNING: [Synth 8-7080] Parallel synthesis criteria is not met
---------------------------------------------------------------------------------
Finished Cross Boundary and Area Optimization : Time (s): cpu = 00:00:18 ; elapsed = 00:00:19 . Memory (MB): peak = 1520.035 ; gain = 602.500
---------------------------------------------------------------------------------
---------------------------------------------------------------------------------
Start Applying XDC Timing Constraints
---------------------------------------------------------------------------------
---------------------------------------------------------------------------------
Finished Applying XDC Timing Constraints : Time (s): cpu = 00:00:23 ; elapsed = 00:00:24 . Memory (MB): peak = 1520.035 ; gain = 602.500
---------------------------------------------------------------------------------
---------------------------------------------------------------------------------
Start Timing Optimization
---------------------------------------------------------------------------------
---------------------------------------------------------------------------------
Finished Timing Optimization : Time (s): cpu = 00:00:23 ; elapsed = 00:00:24 . Memory (MB): peak = 1520.035 ; gain = 602.500
---------------------------------------------------------------------------------
---------------------------------------------------------------------------------
Start Technology Mapping
---------------------------------------------------------------------------------
---------------------------------------------------------------------------------
Finished Technology Mapping : Time (s): cpu = 00:00:23 ; elapsed = 00:00:24 . Memory (MB): peak = 1520.035 ; gain = 602.500
---------------------------------------------------------------------------------
---------------------------------------------------------------------------------
Start IO Insertion
---------------------------------------------------------------------------------
---------------------------------------------------------------------------------
Start Flattening Before IO Insertion
---------------------------------------------------------------------------------
---------------------------------------------------------------------------------
Finished Flattening Before IO Insertion
---------------------------------------------------------------------------------
---------------------------------------------------------------------------------
Start Final Netlist Cleanup
---------------------------------------------------------------------------------
---------------------------------------------------------------------------------
Finished Final Netlist Cleanup
---------------------------------------------------------------------------------
---------------------------------------------------------------------------------
Finished IO Insertion : Time (s): cpu = 00:00:28 ; elapsed = 00:00:29 . Memory (MB): peak = 1520.035 ; gain = 602.500
---------------------------------------------------------------------------------
---------------------------------------------------------------------------------
Start Renaming Generated Instances
---------------------------------------------------------------------------------
---------------------------------------------------------------------------------
Finished Renaming Generated Instances : Time (s): cpu = 00:00:28 ; elapsed = 00:00:29 . Memory (MB): peak = 1520.035 ; gain = 602.500
---------------------------------------------------------------------------------
---------------------------------------------------------------------------------
Start Rebuilding User Hierarchy
---------------------------------------------------------------------------------
---------------------------------------------------------------------------------
Finished Rebuilding User Hierarchy : Time (s): cpu = 00:00:28 ; elapsed = 00:00:29 . Memory (MB): peak = 1520.035 ; gain = 602.500
---------------------------------------------------------------------------------
---------------------------------------------------------------------------------
Start Renaming Generated Ports
---------------------------------------------------------------------------------
---------------------------------------------------------------------------------
Finished Renaming Generated Ports : Time (s): cpu = 00:00:28 ; elapsed = 00:00:29 . Memory (MB): peak = 1520.035 ; gain = 602.500
---------------------------------------------------------------------------------
---------------------------------------------------------------------------------
Start Handling Custom Attributes
---------------------------------------------------------------------------------
---------------------------------------------------------------------------------
Finished Handling Custom Attributes : Time (s): cpu = 00:00:28 ; elapsed = 00:00:29 . Memory (MB): peak = 1520.035 ; gain = 602.500
---------------------------------------------------------------------------------
---------------------------------------------------------------------------------
Start Renaming Generated Nets
---------------------------------------------------------------------------------
---------------------------------------------------------------------------------
Finished Renaming Generated Nets : Time (s): cpu = 00:00:28 ; elapsed = 00:00:29 . Memory (MB): peak = 1520.035 ; gain = 602.500
---------------------------------------------------------------------------------
---------------------------------------------------------------------------------
Start Writing Synthesis Report
---------------------------------------------------------------------------------

Report BlackBoxes: 
+-+--------------+----------+
| |BlackBox name |Instances |
+-+--------------+----------+
+-+--------------+----------+

Report Cell Usage: 
+------+-------+------+
|      |Cell   |Count |
+------+-------+------+
|1     |CARRY4 |     8|
|2     |LUT2   |     1|
|3     |LUT3   |    19|
|4     |LUT4   |    20|
|5     |LUT5   |     3|
|6     |LUT6   |     7|
|7     |FDCE   |   315|
+------+-------+------+
---------------------------------------------------------------------------------
Finished Writing Synthesis Report : Time (s): cpu = 00:00:28 ; elapsed = 00:00:29 . Memory (MB): peak = 1520.035 ; gain = 602.500
---------------------------------------------------------------------------------
Synthesis finished with 0 errors, 0 critical warnings and 1 warnings.
Synthesis Optimization Runtime : Time (s): cpu = 00:00:19 ; elapsed = 00:00:27 . Memory (MB): peak = 1520.035 ; gain = 550.977
Synthesis Optimization Complete : Time (s): cpu = 00:00:28 ; elapsed = 00:00:29 . Memory (MB): peak = 1520.035 ; gain = 602.500
INFO: [Project 1-571] Translating synthesized netlist
Netlist sorting complete. Time (s): cpu = 00:00:00 ; elapsed = 00:00:00.008 . Memory (MB): peak = 1520.035 ; gain = 0.000
INFO: [Netlist 29-17] Analyzing 8 Unisim elements for replacement
INFO: [Netlist 29-28] Unisim Transformation completed in 0 CPU seconds
INFO: [Project 1-570] Preparing netlist for logic optimization
INFO: [Opt 31-138] Pushed 0 inverter(s) to 0 load pin(s).
Netlist sorting complete. Time (s): cpu = 00:00:00 ; elapsed = 00:00:00 . Memory (MB): peak = 1520.035 ; gain = 0.000
INFO: [Project 1-111] Unisim Transformation Summary:
No Unisim elements were transformed.

The system cannot find the path specified.
Synth Design complete | Checksum: e4b42970
INFO: [Common 17-83] Releasing license: Synthesis
26 Infos, 4 Warnings, 0 Critical Warnings and 0 Errors encountered.
synth_design completed successfully
synth_design: Time (s): cpu = 00:00:33 ; elapsed = 00:00:35 . Memory (MB): peak = 1520.035 ; gain = 1020.688
Write ShapeDB Complete: Time (s): cpu = 00:00:00 ; elapsed = 00:00:00.001 . Memory (MB): peak = 1520.035 ; gain = 0.000
INFO: [Common 17-1381] The checkpoint 'C:/Users/Keith/Documents/UCLA/216B/216BProject-keith_project_6_1/ECE216BNew.runs/MEMDesign_CADA_MEMControl_0_1_synth_1/MEMDesign_CADA_MEMControl_0_1.dcp' has been generated.
INFO: [Coretcl 2-1648] Added synthesis output to IP cache for IP MEMDesign_CADA_MEMControl_0_1, cache-ID = 38f9927c82e82047
Write ShapeDB Complete: Time (s): cpu = 00:00:00 ; elapsed = 00:00:00 . Memory (MB): peak = 1520.035 ; gain = 0.000
INFO: [Common 17-1381] The checkpoint 'C:/Users/Keith/Documents/UCLA/216B/216BProject-keith_project_6_1/ECE216BNew.runs/MEMDesign_CADA_MEMControl_0_1_synth_1/MEMDesign_CADA_MEMControl_0_1.dcp' has been generated.
INFO: [runtcl-4] Executing : report_utilization -file MEMDesign_CADA_MEMControl_0_1_utilization_synth.rpt -pb MEMDesign_CADA_MEMControl_0_1_utilization_synth.pb
INFO: [Common 17-206] Exiting Vivado at Sun Jun  2 15:21:23 2024...
